Build started 6/23/2016 3:37:17 PM.
     1>Project "C:\Users\AlbertusK95\documents\visual studio 2013\Projects\OpenGLPro100\OpenGLPro100\OpenGLPro100.vcxproj" on node 2 (Build target(s)).
     1>ClCompile:
         C:\Program Files (x86)\Microsoft Visual Studio 12.0\VC\bin\CL.exe /c /I"C:\Users\AlbertusK95\Downloads\Glew and Glut\freeglut\include" /I"C:\Users\AlbertusK95\Downloads\Glew and Glut\glew-1.11.0\include" /ZI /nologo /W3 /WX- /sdl /Od /Oy- /D _MBCS /Gm /EHsc /RTC1 /MDd /GS /fp:precise /Zc:wchar_t /Zc:forScope /Fo"Debug\\" /Fd"Debug\vc120.pdb" /Gd /TP /analyze- /errorReport:prompt Animation.cpp main.cpp
         main.cpp
         Animation.cpp
         Generating Code...
       Link:
         C:\Program Files (x86)\Microsoft Visual Studio 12.0\VC\bin\link.exe /ERRORREPORT:PROMPT /OUT:"C:\Users\AlbertusK95\documents\visual studio 2013\Projects\OpenGLPro100\Debug\OpenGLPro100.exe" /INCREMENTAL /NOLOGO /LIBPATH:"C:\Users\AlbertusK95\Downloads\Glew and Glut\freeglut\lib" /LIBPATH:"C:\Users\AlbertusK95\Downloads\Glew and Glut\glew-1.11.0\lib" freeglut.lib glew32.lib kernel32.lib user32.lib gdi32.lib winspool.lib comdlg32.lib advapi32.lib shell32.lib ole32.lib oleaut32.lib uuid.lib odbc32.lib odbccp32.lib /MANIFEST /MANIFESTUAC:"level='asInvoker' uiAccess='false'" /manifest:embed /DEBUG /PDB:"C:\Users\AlbertusK95\documents\visual studio 2013\Projects\OpenGLPro100\Debug\OpenGLPro100.pdb" /TLBID:1 /DYNAMICBASE /NXCOMPAT /IMPLIB:"C:\Users\AlbertusK95\documents\visual studio 2013\Projects\OpenGLPro100\Debug\OpenGLPro100.lib" /MACHINE:X86 Debug\Animation.obj
         Debug\Circle.obj
         Debug\GlobElmt.obj
         Debug\GlobObj.obj
         Debug\GLRegFunc.obj
         Debug\main.obj
         Debug\ObjectCreation.obj
         Debug\Octagon.obj
         Debug\Square.obj
         Debug\UserInteract.obj
         OpenGLPro100.vcxproj -> C:\Users\AlbertusK95\documents\visual studio 2013\Projects\OpenGLPro100\Debug\OpenGLPro100.exe
     1>Done Building Project "C:\Users\AlbertusK95\documents\visual studio 2013\Projects\OpenGLPro100\OpenGLPro100\OpenGLPro100.vcxproj" (Build target(s)).

Build succeeded.

Time Elapsed 00:00:09.15
